[1107/225912.255:ERROR:process_memory_win.cc(73)] ReadMemory at 0x1fbe0f33830 of 72 bytes failed: Seule une partie d’une requête ReadProcessMemory ou WriteProcessMemory a été effectuée. (0x12B)
[1107/225912.256:WARNING:pe_image_annotations_reader.cc(134)] could not read annotations list object in C:\Program Files (x86)\Google\Chrome Dev\Application\80.0.3955.4\chrome_elf.dll
[1107/225912.256:ERROR:process_memory_win.cc(73)] ReadMemory at 0x7ff9ef930000 of 64 bytes failed: Seule une partie d’une requête ReadProcessMemory ou WriteProcessMemory a été effectuée. (0x12B)
[1107/225912.256:WARNING:pe_image_reader.cc(340)] could not read dos header from C:\Program Files (x86)\Google\Chrome Dev\Application\80.0.3955.4\chrome.dll
[1107/225912.257:ERROR:process_memory_win.cc(73)] ReadMemory at 0x7ffa48760000 of 64 bytes failed: Seule une partie d’une requête ReadProcessMemory ou WriteProcessMemory a été effectuée. (0x12B)
[1107/225912.257:WARNING:pe_image_reader.cc(340)] could not read dos header from C:\WINDOWS\SYSTEM32\Secur32.dll
[1107/225912.257:ERROR:process_memory_win.cc(73)] ReadMemory at 0x7ffa2e200000 of 64 bytes failed: Seule une partie d’une requête ReadProcessMemory ou WriteProcessMemory a été effectuée. (0x12B)
[1107/225912.257:WARNING:pe_image_reader.cc(340)] could not read dos header from C:\WINDOWS\SYSTEM32\UIAutomationCore.DLL
[1107/225912.257:ERROR:process_memory_win.cc(73)] ReadMemory at 0x7ffa57db0000 of 64 bytes failed: Seule une partie d’une requête ReadProcessMemory ou WriteProcessMemory a été effectuée. (0x12B)
[1107/225912.257:WARNING:pe_image_reader.cc(340)] could not read dos header from C:\WINDOWS\SYSTEM32\DWrite.dll
[1107/225912.257:ERROR:process_memory_win.cc(73)] ReadMemory at 0x7ffa52280000 of 64 bytes failed: Seule une partie d’une requête ReadProcessMemory ou WriteProcessMemory a été effectuée. (0x12B)
[1107/225912.257:WARNING:pe_image_reader.cc(340)] could not read dos header from C:\WINDOWS\SYSTEM32\WINSPOOL.DRV
[1107/225912.257:ERROR:process_memory_win.cc(73)] ReadMemory at 0x7ffa59a60000 of 64 bytes failed: Seule une partie d’une requête ReadProcessMemory ou WriteProcessMemory a été effectuée. (0x12B)
[1107/225912.257:WARNING:pe_image_reader.cc(340)] could not read dos header from C:\WINDOWS\System32\kernel.appcore.dll
[1107/225912.257:ERROR:process_memory_win.cc(73)] ReadMemory at 0x7ffa59e302c0 of 40 bytes failed: Seule une partie d’une requête ReadProcessMemory ou WriteProcessMemory a été effectuée. (0x12B)
[1107/225912.257:WARNING:pe_image_reader.cc(392)] could not read section 5 from C:\WINDOWS\System32\bcrypt.dll
[1107/225912.257:ERROR:process_memory_win.cc(73)] ReadMemory at 0x7ffa581a0000 of 64 bytes failed: Seule une partie d’une requête ReadProcessMemory ou WriteProcessMemory a été effectuée. (0x12B)
[1107/225912.257:WARNING:pe_image_reader.cc(340)] could not read dos header from C:\WINDOWS\SYSTEM32\dbghelp.dll
[1107/225912.257:ERROR:process_memory_win.cc(73)] ReadMemory at 0x7ffa54ea0000 of 64 bytes failed: Seule une partie d’une requête ReadProcessMemory ou WriteProcessMemory a été effectuée. (0x12B)
[1107/225912.257:WARNING:pe_image_reader.cc(340)] could not read dos header from C:\WINDOWS\SYSTEM32\WINHTTP.dll
[1107/225912.257:ERROR:process_memory_win.cc(73)] ReadMemory at 0x7ffa54600000 of 64 bytes failed: Seule une partie d’une requête ReadProcessMemory ou WriteProcessMemory a été effectuée. (0x12B)
[1107/225912.257:WARNING:pe_image_reader.cc(340)] could not read dos header from C:\WINDOWS\SYSTEM32\dhcpcsvc.DLL
[1107/225912.257:ERROR:process_memory_win.cc(73)] ReadMemory at 0x7ffa55e60000 of 64 bytes failed: Seule une partie d’une requête ReadProcessMemory ou WriteProcessMemory a été effectuée. (0x12B)
[1107/225912.257:WARNING:pe_image_reader.cc(340)] could not read dos header from C:\WINDOWS\SYSTEM32\WINMMBASE.dll
[1107/225912.257:ERROR:process_memory_win.cc(73)] ReadMemory at 0x7ffa5a870000 of 64 bytes failed: Seule une partie d’une requête ReadProcessMemory ou WriteProcessMemory a été effectuée. (0x12B)
[1107/225912.257:WARNING:pe_image_reader.cc(340)] could not read dos header from C:\WINDOWS\System32\cfgmgr32.dll
[1107/225912.257:ERROR:process_memory_win.cc(73)] ReadMemory at 0x7ffa4d210000 of 64 bytes failed: Seule une partie d’une requête ReadProcessMemory ou WriteProcessMemory a été effectuée. (0x12B)
[1107/225912.257:WARNING:pe_image_reader.cc(340)] could not read dos header from C:\WINDOWS\SYSTEM32\Bcp47Langs.dll
[1107/225912.257:ERROR:process_memory_win.cc(73)] ReadMemory at 0x7ffa552e0000 of 64 bytes failed: Seule une partie d’une requête ReadProcessMemory ou WriteProcessMemory a été effectuée. (0x12B)
[1107/225912.257:WARNING:pe_image_reader.cc(340)] could not read dos header from C:\WINDOWS\SYSTEM32\PROPSYS.dll
[1107/225912.258:ERROR:process_memory_win.cc(73)] ReadMemory at 0x7ffa5d550000 of 64 bytes failed: Seule une partie d’une requête ReadProcessMemory ou WriteProcessMemory a été effectuée. (0x12B)
[1107/225912.258:WARNING:pe_image_reader.cc(340)] could not read dos header from C:\WINDOWS\System32\shcore.dll
[1107/225912.258:ERROR:process_memory_win.cc(73)] ReadMemory at 0x7ffa598e0000 of 64 bytes failed: Seule une partie d’une requête ReadProcessMemory ou WriteProcessMemory a été effectuée. (0x12B)
[1107/225912.258:WARNING:pe_image_reader.cc(340)] could not read dos header from C:\WINDOWS\SYSTEM32\SSPICLI.DLL
[1107/225912.258:ERROR:process_memory_win.cc(73)] ReadMemory at 0x7ffa59380000 of 64 bytes failed: Seule une partie d’une requête ReadProcessMemory ou WriteProcessMemory a été effectuée. (0x12B)
[1107/225912.258:WARNING:pe_image_reader.cc(340)] could not read dos header from C:\WINDOWS\SYSTEM32\CRYPTBASE.DLL
[1107/225912.258:ERROR:process_memory_win.cc(73)] ReadMemory at 0x7ff783330000 of 64 bytes failed: Seule une partie d’une requête ReadProcessMemory ou WriteProcessMemory a été effectuée. (0x12B)
[1107/225912.258:WARNING:pe_image_reader.cc(340)] could not read dos header from C:\Program Files (x86)\Google\Chrome Dev\Application\chrome.exe
[1107/225912.258:ERROR:process_memory_win.cc(73)] ReadMemory at 0x7ffa5d9f0000 of 64 bytes failed: Seule une partie d’une requête ReadProcessMemory ou WriteProcessMemory a été effectuée. (0x12B)
[1107/225912.258:WARNING:pe_image_reader.cc(340)] could not read dos header from C:\WINDOWS\SYSTEM32\ntdll.dll
[1107/225912.258:ERROR:process_memory_win.cc(73)] ReadMemory at 0x7ffa5adb0000 of 64 bytes failed: Seule une partie d’une requête ReadProcessMemory ou WriteProcessMemory a été effectuée. (0x12B)
[1107/225912.258:WARNING:pe_image_reader.cc(340)] could not read dos header from C:\WINDOWS\System32\KERNEL32.DLL
[1107/225912.258:ERROR:process_memory_win.cc(73)] ReadMemory at 0x7ffa5a5d0000 of 64 bytes failed: Seule une partie d’une requête ReadProcessMemory ou WriteProcessMemory a été effectuée. (0x12B)
[1107/225912.258:WARNING:pe_image_reader.cc(340)] could not read dos header from C:\WINDOWS\System32\KERNELBASE.dll
[1107/225912.258:ERROR:process_memory_win.cc(73)] ReadMemory at 0x7ffa24900000 of 64 bytes failed: Seule une partie d’une requête ReadProcessMemory ou WriteProcessMemory a été effectuée. (0x12B)
[1107/225912.258:WARNING:pe_image_reader.cc(340)] could not read dos header from C:\Program Files (x86)\Google\Chrome Dev\Application\80.0.3955.4\chrome_elf.dll
[1107/225912.258:ERROR:process_memory_win.cc(73)] ReadMemory at 0x7ffa53920000 of 64 bytes failed: Seule une partie d’une requête ReadProcessMemory ou WriteProcessMemory a été effectuée. (0x12B)
[1107/225912.258:WARNING:pe_image_reader.cc(340)] could not read dos header from C:\WINDOWS\SYSTEM32\VERSION.dll
[1107/225912.258:ERROR:process_memory_win.cc(73)] ReadMemory at 0x7ffa5c7c0000 of 64 bytes failed: Seule une partie d’une requête ReadProcessMemory ou WriteProcessMemory a été effectuée. (0x12B)
[1107/225912.258:WARNING:pe_image_reader.cc(340)] could not read dos header from C:\WINDOWS\System32\msvcrt.dll
[1107/225912.258:ERROR:process_memory_win.cc(73)] ReadMemory at 0x7ffa5ab90000 of 64 bytes failed: Seule une partie d’une requête ReadProcessMemory ou WriteProcessMemory a été effectuée. (0x12B)
[1107/225912.258:WARNING:pe_image_reader.cc(340)] could not read dos header from C:\WINDOWS\System32\bcryptPrimitives.dll
[1107/225912.258:ERROR:process_memory_win.cc(73)] ReadMemory at 0x7ffa5d0d0000 of 64 bytes failed: Seule une partie d’une requête ReadProcessMemory ou WriteProcessMemory a été effectuée. (0x12B)
[1107/225912.258:WARNING:pe_image_reader.cc(340)] could not read dos header from C:\WINDOWS\System32\ADVAPI32.dll
[1107/225912.258:ERROR:process_memory_win.cc(73)] ReadMemory at 0x7ffa5ce40000 of 64 bytes failed: Seule une partie d’une requête ReadProcessMemory ou WriteProcessMemory a été effectuée. (0x12B)
[1107/225912.258:WARNING:pe_image_reader.cc(340)] could not read dos header from C:\WINDOWS\System32\sechost.dll
[1107/225912.258:ERROR:process_memory_win.cc(73)] ReadMemory at 0x7ffa5d3c0000 of 64 bytes failed: Seule une partie d’une requête ReadProcessMemory ou WriteProcessMemory a été effectuée. (0x12B)
[1107/225912.258:WARNING:pe_image_reader.cc(340)] could not read dos header from C:\WINDOWS\System32\RPCRT4.dll
[1107/225912.258:ERROR:process_memory_win.cc(73)] ReadMemory at 0x7ffa5ac10000 of 64 bytes failed: Seule une partie d’une requête ReadProcessMemory ou WriteProcessMemory a été effectuée. (0x12B)
[1107/225912.258:WARNING:pe_image_reader.cc(340)] could not read dos header from C:\WINDOWS\System32\user32.dll
[1107/225912.258:ERROR:process_memory_win.cc(73)] ReadMemory at 0x7ffa59e60000 of 64 bytes failed: Seule une partie d’une requête ReadProcessMemory ou WriteProcessMemory a été effectuée. (0x12B)
[1107/225912.258:WARNING:pe_image_reader.cc(340)] could not read dos header from C:\WINDOWS\System32\win32u.dll
[1107/225912.258:ERROR:process_memory_win.cc(73)] ReadMemory at 0x7ffa5d1e0000 of 64 bytes failed: Seule une partie d’une requête ReadProcessMemory ou WriteProcessMemory a été effectuée. (0x12B)
[1107/225912.258:WARNING:pe_image_reader.cc(340)] could not read dos header from C:\WINDOWS\System32\GDI32.dll
[1107/225912.258:ERROR:process_memory_win.cc(73)] ReadMemory at 0x7ffa5a9d0000 of 64 bytes failed: Seule une partie d’une requête ReadProcessMemory ou WriteProcessMemory a été effectuée. (0x12B)
[1107/225912.258:WARNING:pe_image_reader.cc(340)] could not read dos header from C:\WINDOWS\System32\gdi32full.dll
[1107/225912.258:ERROR:process_memory_win.cc(73)] ReadMemory at 0x7ffa59d90000 of 64 bytes failed: Seule une partie d’une requête ReadProcessMemory ou WriteProcessMemory a été effectuée. (0x12B)
[1107/225912.258:WARNING:pe_image_reader.cc(340)] could not read dos header from C:\WINDOWS\System32\msvcp_win.dll
[1107/225912.258:ERROR:process_memory_win.cc(73)] ReadMemory at 0x7ffa59ab0000 of 64 bytes failed: Seule une partie d’une requête ReadProcessMemory ou WriteProcessMemory a été effectuée. (0x12B)
[1107/225912.258:WARNING:pe_image_reader.cc(340)] could not read dos header from C:\WINDOWS\System32\ucrtbase.dll
[1107/225912.258:ERROR:process_memory_win.cc(73)] ReadMemory at 0x7ffa5aef0000 of 64 bytes failed: Seule une partie d’une requête ReadProcessMemory ou WriteProcessMemory a été effectuée. (0x12B)
[1107/225912.258:WARNING:pe_image_reader.cc(340)] could not read dos header from C:\WINDOWS\System32\IMM32.DLL
[1107/225912.258:ERROR:process_memory_win.cc(73)] ReadMemory at 0x7ff9ef930000 of 64 bytes failed: Seule une partie d’une requête ReadProcessMemory ou WriteProcessMemory a été effectuée. (0x12B)
[1107/225912.258:WARNING:pe_image_reader.cc(340)] could not read dos header from C:\Program Files (x86)\Google\Chrome Dev\Application\80.0.3955.4\chrome.dll
[1107/225912.258:ERROR:process_memory_win.cc(73)] ReadMemory at 0x7ffa5b090000 of 64 bytes failed: Seule une partie d’une requête ReadProcessMemory ou WriteProcessMemory a été effectuée. (0x12B)
[1107/225912.259:WARNING:pe_image_reader.cc(340)] could not read dos header from C:\WINDOWS\System32\WS2_32.dll
[1107/225912.259:ERROR:process_memory_win.cc(73)] ReadMemory at 0x7ffa5cd60000 of 64 bytes failed: Seule une partie d’une requête ReadProcessMemory ou WriteProcessMemory a été effectuée. (0x12B)
[1107/225912.259:WARNING:pe_image_reader.cc(340)] could not read dos header from C:\WINDOWS\System32\OLEAUT32.dll
[1107/225912.259:ERROR:process_memory_win.cc(73)] ReadMemory at 0x7ffa5d620000 of 64 bytes failed: Seule une partie d’une requête ReadProcessMemory ou WriteProcessMemory a été effectuée. (0x12B)
[1107/225912.259:WARNING:pe_image_reader.cc(340)] could not read dos header from C:\WINDOWS\System32\combase.dll
[1107/225912.259:ERROR:process_memory_win.cc(73)] ReadMemory at 0x7ffa5a8c0000 of 64 bytes failed: Seule une partie d’une requête ReadProcessMemory ou WriteProcessMemory a été effectuée. (0x12B)
[1107/225912.259:WARNING:pe_image_reader.cc(340)] could not read dos header from C:\WINDOWS\System32\WINTRUST.dll
[1107/225912.259:ERROR:process_memory_win.cc(73)] ReadMemory at 0x7ffa599e0000 of 64 bytes failed: Seule une partie d’une requête ReadProcessMemory ou WriteProcessMemory a été effectuée. (0x12B)
[1107/225912.259:WARNING:pe_image_reader.cc(340)] could not read dos header from C:\WINDOWS\System32\MSASN1.dll
[1107/225912.259:ERROR:process_memory_win.cc(73)] ReadMemory at 0x7ffa59bb0000 of 64 bytes failed: Seule une partie d’une requête ReadProcessMemory ou WriteProcessMemory a été effectuée. (0x12B)
[1107/225912.259:WARNING:pe_image_reader.cc(340)] could not read dos header from C:\WINDOWS\System32\CRYPT32.dll
[1107/225912.259:ERROR:process_memory_win.cc(73)] ReadMemory at 0x7ffa58f30000 of 64 bytes failed: Seule une partie d’une requête ReadProcessMemory ou WriteProcessMemory a été effectuée. (0x12B)
[1107/225912.259:WARNING:pe_image_reader.cc(340)] could not read dos header from C:\WINDOWS\SYSTEM32\IPHLPAPI.DLL
[1107/225912.259:ERROR:process_memory_win.cc(73)] ReadMemory at 0x7ffa56300000 of 64 bytes failed: Seule une partie d’une requête ReadProcessMemory ou WriteProcessMemory a été effectuée. (0x12B)
[1107/225912.259:WARNING:pe_image_reader.cc(340)] could not read dos header from C:\WINDOWS\SYSTEM32\WINMM.dll
[1107/225912.259:ERROR:process_memory_win.cc(73)] ReadMemory at 0x7ffa48760000 of 64 bytes failed: Seule une partie d’une requête ReadProcessMemory ou WriteProcessMemory a été effectuée. (0x12B)
[1107/225912.259:WARNING:pe_image_reader.cc(340)] could not read dos header from C:\WINDOWS\SYSTEM32\Secur32.dll
[1107/225912.259:ERROR:process_memory_win.cc(73)] ReadMemory at 0x7ffa59910000 of 64 bytes failed: Seule une partie d’une requête ReadProcessMemory ou WriteProcessMemory a été effectuée. (0x12B)
[1107/225912.259:WARNING:pe_image_reader.cc(340)] could not read dos header from C:\WINDOWS\SYSTEM32\USERENV.dll
[1107/225912.259:ERROR:process_memory_win.cc(73)] ReadMemory at 0x7ffa59a80000 of 64 bytes failed: Seule une partie d’une requête ReadProcessMemory ou WriteProcessMemory a été effectuée. (0x12B)
[1107/225912.259:WARNING:pe_image_reader.cc(340)] could not read dos header from C:\WINDOWS\System32\profapi.dll
[1107/225912.259:ERROR:process_memory_win.cc(73)] ReadMemory at 0x7ffa2e200000 of 64 bytes failed: Seule une partie d’une requête ReadProcessMemory ou WriteProcessMemory a été effectuée. (0x12B)
[1107/225912.259:WARNING:pe_image_reader.cc(340)] could not read dos header from C:\WINDOWS\SYSTEM32\UIAutomationCore.DLL
[1107/225912.259:ERROR:process_memory_win.cc(73)] ReadMemory at 0x7ffa57db0000 of 64 bytes failed: Seule une partie d’une requête ReadProcessMemory ou WriteProcessMemory a été effectuée. (0x12B)
[1107/225912.259:WARNING:pe_image_reader.cc(340)] could not read dos header from C:\WINDOWS\SYSTEM32\DWrite.dll
[1107/225912.259:ERROR:process_memory_win.cc(73)] ReadMemory at 0x7ffa52280000 of 64 bytes failed: Seule une partie d’une requête ReadProcessMemory ou WriteProcessMemory a été effectuée. (0x12B)
[1107/225912.259:WARNING:pe_image_reader.cc(340)] could not read dos header from C:\WINDOWS\SYSTEM32\WINSPOOL.DRV
[1107/225912.259:ERROR:process_memory_win.cc(73)] ReadMemory at 0x7ffa59a60000 of 64 bytes failed: Seule une partie d’une requête ReadProcessMemory ou WriteProcessMemory a été effectuée. (0x12B)
[1107/225912.259:WARNING:pe_image_reader.cc(340)] could not read dos header from C:\WINDOWS\System32\kernel.appcore.dll
[1107/225912.259:ERROR:process_memory_win.cc(73)] ReadMemory at 0x7ffa59e30000 of 64 bytes failed: Seule une partie d’une requête ReadProcessMemory ou WriteProcessMemory a été effectuée. (0x12B)
[1107/225912.259:WARNING:pe_image_reader.cc(340)] could not read dos header from C:\WINDOWS\System32\bcrypt.dll
[1107/225912.259:ERROR:process_memory_win.cc(73)] ReadMemory at 0x7ffa581a0000 of 64 bytes failed: Seule une partie d’une requête ReadProcessMemory ou WriteProcessMemory a été effectuée. (0x12B)
[1107/225912.259:WARNING:pe_image_reader.cc(340)] could not read dos header from C:\WINDOWS\SYSTEM32\dbghelp.dll
[1107/225912.259:ERROR:process_memory_win.cc(73)] ReadMemory at 0x7ffa54ea0000 of 64 bytes failed: Seule une partie d’une requête ReadProcessMemory ou WriteProcessMemory a été effectuée. (0x12B)
[1107/225912.259:WARNING:pe_image_reader.cc(340)] could not read dos header from C:\WINDOWS\SYSTEM32\WINHTTP.dll
[1107/225912.259:ERROR:process_memory_win.cc(73)] ReadMemory at 0x7ffa54600000 of 64 bytes failed: Seule une partie d’une requête ReadProcessMemory ou WriteProcessMemory a été effectuée. (0x12B)
[1107/225912.259:WARNING:pe_image_reader.cc(340)] could not read dos header from C:\WINDOWS\SYSTEM32\dhcpcsvc.DLL
[1107/225912.259:ERROR:process_memory_win.cc(73)] ReadMemory at 0x7ffa5d9b0000 of 64 bytes failed: Seule une partie d’une requête ReadProcessMemory ou WriteProcessMemory a été effectuée. (0x12B)
[1107/225912.259:WARNING:pe_image_reader.cc(340)] could not read dos header from C:\WINDOWS\System32\NSI.dll
[1107/225912.259:ERROR:process_memory_win.cc(73)] ReadMemory at 0x7ffa55e60000 of 64 bytes failed: Seule une partie d’une requête ReadProcessMemory ou WriteProcessMemory a été effectuée. (0x12B)
[1107/225912.259:WARNING:pe_image_reader.cc(340)] could not read dos header from C:\WINDOWS\SYSTEM32\WINMMBASE.dll
[1107/225912.259:ERROR:process_memory_win.cc(73)] ReadMemory at 0x7ffa5a870000 of 64 bytes failed: Seule une partie d’une requête ReadProcessMemory ou WriteProcessMemory a été effectuée. (0x12B)
[1107/225912.259:WARNING:pe_image_reader.cc(340)] could not read dos header from C:\WINDOWS\System32\cfgmgr32.dll
[1107/225912.259:ERROR:process_memory_win.cc(73)] ReadMemory at 0x7ffa4d210000 of 64 bytes failed: Seule une partie d’une requête ReadProcessMemory ou WriteProcessMemory a été effectuée. (0x12B)
[1107/225912.259:WARNING:pe_image_reader.cc(340)] could not read dos header from C:\WINDOWS\SYSTEM32\Bcp47Langs.dll
[1107/225912.259:ERROR:process_memory_win.cc(73)] ReadMemory at 0x7ffa552e0000 of 64 bytes failed: Seule une partie d’une requête ReadProcessMemory ou WriteProcessMemory a été effectuée. (0x12B)
[1107/225912.259:WARNING:pe_image_reader.cc(340)] could not read dos header from C:\WINDOWS\SYSTEM32\PROPSYS.dll
[1107/225912.260:ERROR:process_memory_win.cc(73)] ReadMemory at 0x7ffa5d550000 of 64 bytes failed: Seule une partie d’une requête ReadProcessMemory ou WriteProcessMemory a été effectuée. (0x12B)
[1107/225912.260:WARNING:pe_image_reader.cc(340)] could not read dos header from C:\WINDOWS\System32\shcore.dll
[1107/225912.260:ERROR:process_memory_win.cc(73)] ReadMemory at 0x7ffa598e0000 of 64 bytes failed: Seule une partie d’une requête ReadProcessMemory ou WriteProcessMemory a été effectuée. (0x12B)
[1107/225912.260:WARNING:pe_image_reader.cc(340)] could not read dos header from C:\WINDOWS\SYSTEM32\SSPICLI.DLL
[1107/225912.260:ERROR:process_memory_win.cc(73)] ReadMemory at 0x7ffa59380000 of 64 bytes failed: Seule une partie d’une requête ReadProcessMemory ou WriteProcessMemory a été effectuée. (0x12B)
[1107/225912.260:WARNING:pe_image_reader.cc(340)] could not read dos header from C:\WINDOWS\SYSTEM32\CRYPTBASE.DLL
[1107/225912.264:ERROR:process_memory_win.cc(73)] ReadMemory at 0x9be55fa000 of 24576 bytes failed: Seule une partie d’une requête ReadProcessMemory ou WriteProcessMemory a été effectuée. (0x12B)
[1107/225912.264:ERROR:process_memory_win.cc(73)] ReadMemory at 0x9be4c83000 of 852 bytes failed: Seule une partie d’une requête ReadProcessMemory ou WriteProcessMemory a été effectuée. (0x12B)
[1107/225912.264:ERROR:process_memory_win.cc(73)] ReadMemory at 0x9be4c84000 of 6024 bytes failed: Seule une partie d’une requête ReadProcessMemory ou WriteProcessMemory a été effectuée. (0x12B)
[1107/225912.264:ERROR:process_memory_win.cc(73)] ReadMemory at 0x1fbe0ae0fe0 of 15440 bytes failed: Seule une partie d’une requête ReadProcessMemory ou WriteProcessMemory a été effectuée. (0x12B)
[1107/225912.264:ERROR:process_memory_win.cc(73)] ReadMemory at 0x1fbe0ae4c40 of 1012 bytes failed: Seule une partie d’une requête ReadProcessMemory ou WriteProcessMemory a été effectuée. (0x12B)
[1107/225912.264:ERROR:process_memory_win.cc(73)] ReadMemory at 0x1fbe0ae5268 of 126 bytes failed: Seule une partie d’une requête ReadProcessMemory ou WriteProcessMemory a été effectuée. (0x12B)
[1107/225912.264:ERROR:process_memory_win.cc(73)] ReadMemory at 0x1fbe0ae52e8 of 1334 bytes failed: Seule une partie d’une requête ReadProcessMemory ou WriteProcessMemory a été effectuée. (0x12B)
[1107/225912.264:ERROR:process_memory_win.cc(73)] ReadMemory at 0x1fbe0ae5820 of 126 bytes failed: Seule une partie d’une requête ReadProcessMemory ou WriteProcessMemory a été effectuée. (0x12B)
[1107/225912.264:ERROR:process_memory_win.cc(73)] ReadMemory at 0x1fbe0ae58a0 of 96 bytes failed: Seule une partie d’une requête ReadProcessMemory ou WriteProcessMemory a été effectuée. (0x12B)
[1107/225912.264:ERROR:process_memory_win.cc(73)] ReadMemory at 0x1fbe0ae5910 of 58 bytes failed: Seule une partie d’une requête ReadProcessMemory ou WriteProcessMemory a été effectuée. (0x12B)
[1107/225912.264:ERROR:process_memory_win.cc(73)] ReadMemory at 0x1fbe0ae5a10 of 132 bytes failed: Seule une partie d’une requête ReadProcessMemory ou WriteProcessMemory a été effectuée. (0x12B)
[1107/225912.264:ERROR:process_memory_win.cc(73)] ReadMemory at 0x1fbe0ae5ba0 of 132 bytes failed: Seule une partie d’une requête ReadProcessMemory ou WriteProcessMemory a été effectuée. (0x12B)
[1107/225912.265:ERROR:process_memory_win.cc(73)] ReadMemory at 0x1fbe0ae5d60 of 130 bytes failed: Seule une partie d’une requête ReadProcessMemory ou WriteProcessMemory a été effectuée. (0x12B)
[1107/225912.265:ERROR:process_memory_win.cc(73)] ReadMemory at 0x1fbe0ae6150 of 132 bytes failed: Seule une partie d’une requête ReadProcessMemory ou WriteProcessMemory a été effectuée. (0x12B)
[1107/225912.265:ERROR:process_memory_win.cc(73)] ReadMemory at 0x1fbe0ae62e0 of 64 bytes failed: Seule une partie d’une requête ReadProcessMemory ou WriteProcessMemory a été effectuée. (0x12B)
[1107/225912.265:ERROR:process_memory_win.cc(73)] ReadMemory at 0x1fbe0ae6330 of 132 bytes failed: Seule une partie d’une requête ReadProcessMemory ou WriteProcessMemory a été effectuée. (0x12B)
[1107/225912.265:ERROR:process_memory_win.cc(73)] ReadMemory at 0x1fbe0ae64a0 of 132 bytes failed: Seule une partie d’une requête ReadProcessMemory ou WriteProcessMemory a été effectuée. (0x12B)
[1107/225912.265:ERROR:process_memory_win.cc(73)] ReadMemory at 0x1fbe0ae6740 of 132 bytes failed: Seule une partie d’une requête ReadProcessMemory ou WriteProcessMemory a été effectuée. (0x12B)
[1107/225912.265:ERROR:process_memory_win.cc(73)] ReadMemory at 0x1fbe0ae68d0 of 68 bytes failed: Seule une partie d’une requête ReadProcessMemory ou WriteProcessMemory a été effectuée. (0x12B)
[1107/225912.265:ERROR:process_memory_win.cc(73)] ReadMemory at 0x1fbe0ae79b0 of 132 bytes failed: Seule une partie d’une requête ReadProcessMemory ou WriteProcessMemory a été effectuée. (0x12B)
[1107/225912.265:ERROR:process_memory_win.cc(73)] ReadMemory at 0x1fbe0ae7b40 of 158 bytes failed: Seule une partie d’une requête ReadProcessMemory ou WriteProcessMemory a été effectuée. (0x12B)
[1107/225912.265:ERROR:process_memory_win.cc(73)] ReadMemory at 0x1fbe0ae8730 of 132 bytes failed: Seule une partie d’une requête ReadProcessMemory ou WriteProcessMemory a été effectuée. (0x12B)
[1107/225912.265:ERROR:process_memory_win.cc(73)] ReadMemory at 0x1fbe0ae8950 of 132 bytes failed: Seule une partie d’une requête ReadProcessMemory ou WriteProcessMemory a été effectuée. (0x12B)
[1107/225912.265:ERROR:process_memory_win.cc(73)] ReadMemory at 0x1fbe0ae8a80 of 60 bytes failed: Seule une partie d’une requête ReadProcessMemory ou WriteProcessMemory a été effectuée. (0x12B)
[1107/225912.265:ERROR:process_memory_win.cc(73)] ReadMemory at 0x1fbe0ae9000 of 132 bytes failed: Seule une partie d’une requête ReadProcessMemory ou WriteProcessMemory a été effectuée. (0x12B)
[1107/225912.265:ERROR:process_memory_win.cc(73)] ReadMemory at 0x1fbe0ae9de0 of 62 bytes failed: Seule une partie d’une requête ReadProcessMemory ou WriteProcessMemory a été effectuée. (0x12B)
[1107/225912.265:ERROR:process_memory_win.cc(73)] ReadMemory at 0x1fbe0aea850 of 512 bytes failed: Seule une partie d’une requête ReadProcessMemory ou WriteProcessMemory a été effectuée. (0x12B)
[1107/225912.265:ERROR:process_memory_win.cc(73)] ReadMemory at 0x1fbe0aed120 of 132 bytes failed: Seule une partie d’une requête ReadProcessMemory ou WriteProcessMemory a été effectuée. (0x12B)
[1107/225912.265:ERROR:process_memory_win.cc(73)] ReadMemory at 0x1fbe0aed470 of 58 bytes failed: Seule une partie d’une requête ReadProcessMemory ou WriteProcessMemory a été effectuée. (0x12B)
[1107/225912.265:ERROR:process_memory_win.cc(73)] ReadMemory at 0x1fbe0aed600 of 66 bytes failed: Seule une partie d’une requête ReadProcessMemory ou WriteProcessMemory a été effectuée. (0x12B)
[1107/225912.265:ERROR:process_memory_win.cc(73)] ReadMemory at 0x1fbe0aed6f0 of 64 bytes failed: Seule une partie d’une requête ReadProcessMemory ou WriteProcessMemory a été effectuée. (0x12B)
[1107/225912.265:ERROR:process_memory_win.cc(73)] ReadMemory at 0x1fbe0aed740 of 62 bytes failed: Seule une partie d’une requête ReadProcessMemory ou WriteProcessMemory a été effectuée. (0x12B)
[1107/225912.265:ERROR:process_memory_win.cc(73)] ReadMemory at 0x1fbe0aed790 of 60 bytes failed: Seule une partie d’une requête ReadProcessMemory ou WriteProcessMemory a été effectuée. (0x12B)
[1107/225912.265:ERROR:process_memory_win.cc(73)] ReadMemory at 0x1fbe0aed830 of 66 bytes failed: Seule une partie d’une requête ReadProcessMemory ou WriteProcessMemory a été effectuée. (0x12B)
[1107/225912.265:ERROR:process_memory_win.cc(73)] ReadMemory at 0x1fbe0aed920 of 64 bytes failed: Seule une partie d’une requête ReadProcessMemory ou WriteProcessMemory a été effectuée. (0x12B)
[1107/225912.265:ERROR:process_memory_win.cc(73)] ReadMemory at 0x1fbe0aed9c0 of 60 bytes failed: Seule une partie d’une requête ReadProcessMemory ou WriteProcessMemory a été effectuée. (0x12B)
[1107/225912.266:ERROR:process_memory_win.cc(73)] ReadMemory at 0x1fbe0aeda10 of 60 bytes failed: Seule une partie d’une requête ReadProcessMemory ou WriteProcessMemory a été effectuée. (0x12B)
[1107/225912.266:ERROR:process_memory_win.cc(73)] ReadMemory at 0x1fbe0aedf90 of 132 bytes failed: Seule une partie d’une requête ReadProcessMemory ou WriteProcessMemory a été effectuée. (0x12B)
[1107/225912.266:ERROR:process_memory_win.cc(73)] ReadMemory at 0x1fbe0aee210 of 132 bytes failed: Seule une partie d’une requête ReadProcessMemory ou WriteProcessMemory a été effectuée. (0x12B)
[1107/225912.266:ERROR:process_memory_win.cc(73)] ReadMemory at 0x1fbe0aee340 of 132 bytes failed: Seule une partie d’une requête ReadProcessMemory ou WriteProcessMemory a été effectuée. (0x12B)
[1107/225912.266:ERROR:process_memory_win.cc(73)] ReadMemory at 0x1fbe0aee490 of 132 bytes failed: Seule une partie d’une requête ReadProcessMemory ou WriteProcessMemory a été effectuée. (0x12B)
[1107/225912.266:ERROR:process_memory_win.cc(73)] ReadMemory at 0x1fbe0aee620 of 80 bytes failed: Seule une partie d’une requête ReadProcessMemory ou WriteProcessMemory a été effectuée. (0x12B)
[1107/225912.266:ERROR:process_memory_win.cc(73)] ReadMemory at 0x1fbe0aeeb90 of 132 bytes failed: Seule une partie d’une requête ReadProcessMemory ou WriteProcessMemory a été effectuée. (0x12B)
[1107/225912.266:ERROR:process_memory_win.cc(73)] ReadMemory at 0x1fbe0aeecc0 of 132 bytes failed: Seule une partie d’une requête ReadProcessMemory ou WriteProcessMemory a été effectuée. (0x12B)
[1107/225912.266:ERROR:process_memory_win.cc(73)] ReadMemory at 0x1fbe0aeedf0 of 132 bytes failed: Seule une partie d’une requête ReadProcessMemory ou WriteProcessMemory a été effectuée. (0x12B)
[1107/225912.266:ERROR:process_memory_win.cc(73)] ReadMemory at 0x1fbe0aeef20 of 132 bytes failed: Seule une partie d’une requête ReadProcessMemory ou WriteProcessMemory a été effectuée. (0x12B)
[1107/225912.266:ERROR:process_memory_win.cc(73)] ReadMemory at 0x1fbe0aef050 of 132 bytes failed: Seule une partie d’une requête ReadProcessMemory ou WriteProcessMemory a été effectuée. (0x12B)
[1107/225912.266:ERROR:process_memory_win.cc(73)] ReadMemory at 0x1fbe0aef180 of 132 bytes failed: Seule une partie d’une requête ReadProcessMemory ou WriteProcessMemory a été effectuée. (0x12B)
[1107/225912.266:ERROR:process_memory_win.cc(73)] ReadMemory at 0x1fbe0aef2b0 of 132 bytes failed: Seule une partie d’une requête ReadProcessMemory ou WriteProcessMemory a été effectuée. (0x12B)
[1107/225912.266:ERROR:process_memory_win.cc(73)] ReadMemory at 0x1fbe0aef3e0 of 132 bytes failed: Seule une partie d’une requête ReadProcessMemory ou WriteProcessMemory a été effectuée. (0x12B)
[1107/225912.266:ERROR:process_memory_win.cc(73)] ReadMemory at 0x1fbe0aef510 of 132 bytes failed: Seule une partie d’une requête ReadProcessMemory ou WriteProcessMemory a été effectuée. (0x12B)
[1107/225912.266:ERROR:process_memory_win.cc(73)] ReadMemory at 0x1fbe0aef640 of 132 bytes failed: Seule une partie d’une requête ReadProcessMemory ou WriteProcessMemory a été effectuée. (0x12B)
[1107/225912.266:ERROR:process_memory_win.cc(73)] ReadMemory at 0x1fbe0aef770 of 132 bytes failed: Seule une partie d’une requête ReadProcessMemory ou WriteProcessMemory a été effectuée. (0x12B)
[1107/225912.266:ERROR:process_memory_win.cc(73)] ReadMemory at 0x1fbe0aef8a0 of 132 bytes failed: Seule une partie d’une requête ReadProcessMemory ou WriteProcessMemory a été effectuée. (0x12B)
[1107/225912.266:ERROR:process_memory_win.cc(73)] ReadMemory at 0x1fbe0af5190 of 132 bytes failed: Seule une partie d’une requête ReadProcessMemory ou WriteProcessMemory a été effectuée. (0x12B)
[1107/225912.266:ERROR:process_memory_win.cc(73)] ReadMemory at 0x1fbe0af52c0 of 132 bytes failed: Seule une partie d’une requête ReadProcessMemory ou WriteProcessMemory a été effectuée. (0x12B)
[1107/225912.266:ERROR:process_memory_win.cc(73)] ReadMemory at 0x1fbe0af7fe0 of 150 bytes failed: Seule une partie d’une requête ReadProcessMemory ou WriteProcessMemory a été effectuée. (0x12B)
[1107/225912.266:ERROR:process_memory_win.cc(73)] ReadMemory at 0x1fbe0afacb0 of 54 bytes failed: Seule une partie d’une requête ReadProcessMemory ou WriteProcessMemory a été effectuée. (0x12B)
[1107/225912.266:ERROR:process_memory_win.cc(73)] ReadMemory at 0x1fbe0afb050 of 58 bytes failed: Seule une partie d’une requête ReadProcessMemory ou WriteProcessMemory a été effectuée. (0x12B)
[1107/225912.266:ERROR:process_memory_win.cc(73)] ReadMemory at 0x1fbe0afb0a0 of 64 bytes failed: Seule une partie d’une requête ReadProcessMemory ou WriteProcessMemory a été effectuée. (0x12B)
[1107/225912.266:ERROR:process_memory_win.cc(73)] ReadMemory at 0x1fbe0afb0f0 of 62 bytes failed: Seule une partie d’une requête ReadProcessMemory ou WriteProcessMemory a été effectuée. (0x12B)
[1107/225912.266:ERROR:process_memory_win.cc(73)] ReadMemory at 0x1fbe0afb190 of 58 bytes failed: Seule une partie d’une requête ReadProcessMemory ou WriteProcessMemory a été effectuée. (0x12B)
[1107/225912.267:ERROR:process_memory_win.cc(73)] ReadMemory at 0x1fbe0afb320 of 64 bytes failed: Seule une partie d’une requête ReadProcessMemory ou WriteProcessMemory a été effectuée. (0x12B)
[1107/225912.267:ERROR:process_memory_win.cc(73)] ReadMemory at 0x1fbe0afb460 of 62 bytes failed: Seule une partie d’une requête ReadProcessMemory ou WriteProcessMemory a été effectuée. (0x12B)
[1107/225912.267:ERROR:process_memory_win.cc(73)] ReadMemory at 0x1fbe0afb550 of 62 bytes failed: Seule une partie d’une requête ReadProcessMemory ou WriteProcessMemory a été effectuée. (0x12B)
[1107/225912.267:ERROR:process_memory_win.cc(73)] ReadMemory at 0x1fbe0afb5f0 of 64 bytes failed: Seule une partie d’une requête ReadProcessMemory ou WriteProcessMemory a été effectuée. (0x12B)
[1107/225912.267:ERROR:process_memory_win.cc(73)] ReadMemory at 0x1fbe0afb730 of 62 bytes failed: Seule une partie d’une requête ReadProcessMemory ou WriteProcessMemory a été effectuée. (0x12B)
[1107/225912.267:ERROR:process_memory_win.cc(73)] ReadMemory at 0x1fbe0afb780 of 68 bytes failed: Seule une partie d’une requête ReadProcessMemory ou WriteProcessMemory a été effectuée. (0x12B)
[1107/225912.267:ERROR:process_memory_win.cc(73)] ReadMemory at 0x1fbe0afb7d0 of 60 bytes failed: Seule une partie d’une requête ReadProcessMemory ou WriteProcessMemory a été effectuée. (0x12B)
[1107/225912.267:ERROR:process_memory_win.cc(73)] ReadMemory at 0x1fbe0afb870 of 64 bytes failed: Seule une partie d’une requête ReadProcessMemory ou WriteProcessMemory a été effectuée. (0x12B)
[1107/225912.267:ERROR:process_memory_win.cc(73)] ReadMemory at 0x1fbe0afb960 of 60 bytes failed: Seule une partie d’une requête ReadProcessMemory ou WriteProcessMemory a été effectuée. (0x12B)
[1107/225912.267:ERROR:process_memory_win.cc(73)] ReadMemory at 0x1fbe0afb9b0 of 64 bytes failed: Seule une partie d’une requête ReadProcessMemory ou WriteProcessMemory a été effectuée. (0x12B)
[1107/225912.267:ERROR:process_memory_win.cc(73)] ReadMemory at 0x1fbe0afbb90 of 62 bytes failed: Seule une partie d’une requête ReadProcessMemory ou WriteProcessMemory a été effectuée. (0x12B)
[1107/225912.267:ERROR:process_memory_win.cc(73)] ReadMemory at 0x1fbe0afbbe0 of 62 bytes failed: Seule une partie d’une requête ReadProcessMemory ou WriteProcessMemory a été effectuée. (0x12B)
[1107/225912.267:ERROR:process_memory_win.cc(73)] ReadMemory at 0x1fbe0afbc30 of 62 bytes failed: Seule une partie d’une requête ReadProcessMemory ou WriteProcessMemory a été effectuée. (0x12B)
[1107/225912.267:ERROR:process_memory_win.cc(73)] ReadMemory at 0x1fbe0afbcd0 of 64 bytes failed: Seule une partie d’une requête ReadProcessMemory ou WriteProcessMemory a été effectuée. (0x12B)
[1107/225912.267:ERROR:process_memory_win.cc(73)] ReadMemory at 0x1fbe0afbd20 of 62 bytes failed: Seule une partie d’une requête ReadProcessMemory ou WriteProcessMemory a été effectuée. (0x12B)
[1107/225912.267:ERROR:process_memory_win.cc(73)] ReadMemory at 0x1fbe0afbd70 of 62 bytes failed: Seule une partie d’une requête ReadProcessMemory ou WriteProcessMemory a été effectuée. (0x12B)
[1107/225912.267:ERROR:process_memory_win.cc(73)] ReadMemory at 0x1fbe0afbe10 of 60 bytes failed: Seule une partie d’une requête ReadProcessMemory ou WriteProcessMemory a été effectuée. (0x12B)
[1107/225912.267:ERROR:process_memory_win.cc(73)] ReadMemory at 0x1fbe0afbe60 of 66 bytes failed: Seule une partie d’une requête ReadProcessMemory ou WriteProcessMemory a été effectuée. (0x12B)
[1107/225912.267:ERROR:process_memory_win.cc(73)] ReadMemory at 0x1fbe0afbeb0 of 60 bytes failed: Seule une partie d’une requête ReadProcessMemory ou WriteProcessMemory a été effectuée. (0x12B)
[1107/225912.267:ERROR:process_memory_win.cc(73)] ReadMemory at 0x1fbe0afbf00 of 60 bytes failed: Seule une partie d’une requête ReadProcessMemory ou WriteProcessMemory a été effectuée. (0x12B)
[1107/225912.267:ERROR:process_memory_win.cc(73)] ReadMemory at 0x1fbe0aff570 of 76 bytes failed: Seule une partie d’une requête ReadProcessMemory ou WriteProcessMemory a été effectuée. (0x12B)
[1107/225912.267:ERROR:process_memory_win.cc(73)] ReadMemory at 0x1fbe0aff9f0 of 80 bytes failed: Seule une partie d’une requête ReadProcessMemory ou WriteProcessMemory a été effectuée. (0x12B)
[1107/225912.267:ERROR:process_memory_win.cc(73)] ReadMemory at 0x1fbe0b00910 of 132 bytes failed: Seule une partie d’une requête ReadProcessMemory ou WriteProcessMemory a été effectuée. (0x12B)
[1107/225912.267:ERROR:process_memory_win.cc(73)] ReadMemory at 0x1fbe0b00a40 of 132 bytes failed: Seule une partie d’une requête ReadProcessMemory ou WriteProcessMemory a été effectuée. (0x12B)
[1107/225912.267:ERROR:process_memory_win.cc(73)] ReadMemory at 0x1fbe0b00b70 of 132 bytes failed: Seule une partie d’une requête ReadProcessMemory ou WriteProcessMemory a été effectuée. (0x12B)
[1107/225912.268:ERROR:process_memory_win.cc(73)] ReadMemory at 0x1fbe0b00f00 of 132 bytes failed: Seule une partie d’une requête ReadProcessMemory ou WriteProcessMemory a été effectuée. (0x12B)
[1107/225912.268:ERROR:process_memory_win.cc(73)] ReadMemory at 0x1fbe0b01030 of 132 bytes failed: Seule une partie d’une requête ReadProcessMemory ou WriteProcessMemory a été effectuée. (0x12B)
[1107/225912.268:ERROR:process_memory_win.cc(73)] ReadMemory at 0x1fbe0b01290 of 132 bytes failed: Seule une partie d’une requête ReadProcessMemory ou WriteProcessMemory a été effectuée. (0x12B)
[1107/225912.268:ERROR:process_memory_win.cc(73)] ReadMemory at 0x1fbe0b013c0 of 132 bytes failed: Seule une partie d’une requête ReadProcessMemory ou WriteProcessMemory a été effectuée. (0x12B)
[1107/225912.268:ERROR:process_memory_win.cc(73)] ReadMemory at 0x1fbe0b019b0 of 132 bytes failed: Seule une partie d’une requête ReadProcessMemory ou WriteProcessMemory a été effectuée. (0x12B)
[1107/225912.268:ERROR:process_memory_win.cc(73)] ReadMemory at 0x1fbe0b01ae0 of 132 bytes failed: Seule une partie d’une requête ReadProcessMemory ou WriteProcessMemory a été effectuée. (0x12B)
[1107/225912.268:ERROR:process_memory_win.cc(73)] ReadMemory at 0x1fbe0b01c10 of 132 bytes failed: Seule une partie d’une requête ReadProcessMemory ou WriteProcessMemory a été effectuée. (0x12B)
[1107/225912.268:ERROR:process_memory_win.cc(73)] ReadMemory at 0x1fbe0b01e70 of 132 bytes failed: Seule une partie d’une requête ReadProcessMemory ou WriteProcessMemory a été effectuée. (0x12B)
[1107/225912.268:ERROR:process_memory_win.cc(73)] ReadMemory at 0x1fbe0b01fa0 of 132 bytes failed: Seule une partie d’une requête ReadProcessMemory ou WriteProcessMemory a été effectuée. (0x12B)
[1107/225912.268:ERROR:process_memory_win.cc(73)] ReadMemory at 0x1fbe0b020d0 of 132 bytes failed: Seule une partie d’une requête ReadProcessMemory ou WriteProcessMemory a été effectuée. (0x12B)
[1107/225912.268:ERROR:process_memory_win.cc(73)] ReadMemory at 0x1fbe0b02200 of 132 bytes failed: Seule une partie d’une requête ReadProcessMemory ou WriteProcessMemory a été effectuée. (0x12B)
[1107/225912.268:ERROR:process_memory_win.cc(73)] ReadMemory at 0x1fbe0b02330 of 132 bytes failed: Seule une partie d’une requête ReadProcessMemory ou WriteProcessMemory a été effectuée. (0x12B)
[1107/225912.268:ERROR:process_memory_win.cc(73)] ReadMemory at 0x1fbe0b026c0 of 132 bytes failed: Seule une partie d’une requête ReadProcessMemory ou WriteProcessMemory a été effectuée. (0x12B)
[1107/225912.268:ERROR:process_memory_win.cc(73)] ReadMemory at 0x7ffa5a6090a9 of 512 bytes failed: Seule une partie d’une requête ReadProcessMemory ou WriteProcessMemory a été effectuée. (0x12B)
[1107/225912.268:ERROR:process_memory_win.cc(73)] ReadMemory at 0x7ffa5da8fd64 of 512 bytes failed: Seule une partie d’une requête ReadProcessMemory ou WriteProcessMemory a été effectuée. (0x12B)
[1107/225912.268:ERROR:process_memory_win.cc(73)] ReadMemory at 0x7ffa5db1c0c8 of 18 bytes failed: Seule une partie d’une requête ReadProcessMemory ou WriteProcessMemory a été effectuée. (0x12B)
[1107/225912.268:ERROR:process_memory_win.cc(73)] ReadMemory at 0x7ffa5db4f4f8 of 40 bytes failed: Seule une partie d’une requête ReadProcessMemory ou WriteProcessMemory a été effectuée. (0x12B)
[1107/225912.268:ERROR:process_memory_win.cc(73)] ReadMemory at 0x7ffa5db4f978 of 48 bytes failed: Seule une partie d’une requête ReadProcessMemory ou WriteProcessMemory a été effectuée. (0x12B)
[1107/225912.268:ERROR:process_memory_win.cc(73)] ReadMemory at 0x7ffa5db553a0 of 64 bytes failed: Seule une partie d’une requête ReadProcessMemory ou WriteProcessMemory a été effectuée. (0x12B)
[1107/225912.288:ERROR:scoped_process_suspend.cc(40)] NtResumeProcess: Tentative d’accès à un processus en cours d’arrêt. (0xc000010a)
